00:00:00.003541 main     VirtualBox COM Server 7.0.14 r161095 win.amd64 (Jan 15 2024 14:59:30) release log
00:00:00.003543 main     Log opened 2024-07-13T12:30:27.749035800Z
00:00:00.003544 main     Build Type: release
00:00:00.003550 main     OS Product: Windows 11
00:00:00.003551 main     OS Release: 10.0.22631
00:00:00.003551 main     OS Service Pack: 
00:00:00.021826 main     DMI Product Name: BOD-WXX9
00:00:00.031775 main     DMI Product Version: M1010
00:00:00.031793 main     Firmware type: UEFI
00:00:00.032096 main     Secure Boot: VERR_PRIVILEGE_NOT_HELD
00:00:00.032116 main     Host RAM: 7991MB (7.8GB) total, 1502MB available
00:00:00.032119 main     Executable: C:\Program Files\Oracle\VirtualBox\VBoxSVC.exe
00:00:00.032119 main     Process ID: 2116
00:00:00.032119 main     Package type: WINDOWS_64BITS_GENERIC
00:00:00.093729          VirtualBox: object creation starts
00:00:00.095184          Home directory: 'C:\Users\Andrei\.VirtualBox'
00:00:00.095493          Installed Drivers:
00:00:00.099927            C:\WINDOWS\system32\DRIVERS\VBoxNetLwf.sys (Version: 7.0.14.11095)
00:00:00.101541            C:\WINDOWS\system32\DRIVERS\VBoxUSBMon.sys (Version: 7.0.14.11095)
00:00:00.102493            C:\WINDOWS\system32\DRIVERS\VBoxSup.sys (Version: 7.0.14.11095)
00:00:00.103934            C:\WINDOWS\system32\DRIVERS\VBoxNetAdp6.sys (Version: 7.0.14.11095)
00:00:00.114205          Loading settings file "C:\Users\Andrei\.VirtualBox\VirtualBox.xml" with version "1.12-windows"
00:00:00.118649          usbLibGetDevices: Starting USB device enumeration
00:00:00.132655          Getting USB descriptor (id 0) failed (dwErr=31) on hub USB#ROOT_HUB30#4&2e2fd849&0&0#{f18a0e88-c30c-11d0-8815-00a0c906bed8} port 6
00:00:00.133042          Getting USB descriptor (id 0) failed (dwErr=31) on hub USB#ROOT_HUB30#4&2e2fd849&0&0#{f18a0e88-c30c-11d0-8815-00a0c906bed8} port 7
00:00:00.133079          Getting USB descriptor (id 0) failed (dwErr=31) on hub USB#ROOT_HUB30#4&2e2fd849&0&0#{f18a0e88-c30c-11d0-8815-00a0c906bed8} port 10
00:00:00.134806          usbLibGetDevices: Found 3 USB devices, 0 captured
00:00:00.135598          USB: Unknown USB device detected (idVendor: 0x13d3, idProduct: 0x5480)
00:00:00.135843          USB: Unknown USB device detected (idVendor: 0x27c6, idProduct: 0x5125)
00:00:00.136173          USB: Unknown USB device detected (idVendor: 0x8087, idProduct: 0x0026)
00:00:00.186991          HostDnsMonitor: initializing
00:00:00.193422          HostDnsMonitor: updating information
00:00:00.194104          HostDnsMonitor: old information
00:00:00.194106            no server entries
00:00:00.194107            no domain set
00:00:00.194107            no search string entries
00:00:00.194108          HostDnsMonitor: new information
00:00:00.194108            server 1: 192.168.254.254
00:00:00.194109            no domain set
00:00:00.194110            no search string entries
00:00:00.201412          VD: VDInit finished with VINF_SUCCESS
00:00:00.210319          Loading settings file "C:\Users\Andrei\Downloads\kali-linux-2024.2-virtualbox-amd64\kali-linux-2024.2-virtualbox-amd64\kali-linux-2024.2-virtualbox-amd64.vbox" with version "1.19-windows"
00:00:00.216969          VirtualBox: object created
00:00:00.274277          Saving settings file "C:\Users\Andrei\.VirtualBox\VirtualBox.xml" with version "1.12-windows"
00:00:00.276874          Finished saving settings file "C:\Users\Andrei\.VirtualBox\VirtualBox.xml"
00:00:00.277094          Saving settings file "C:\Users\Andrei\.VirtualBox\VirtualBox.xml" with version "1.12-windows"
00:00:00.278660          Finished saving settings file "C:\Users\Andrei\.VirtualBox\VirtualBox.xml"
00:00:00.278826          Saving settings file "C:\Users\Andrei\.VirtualBox\VirtualBox.xml" with version "1.12-windows"
00:00:00.280363          Finished saving settings file "C:\Users\Andrei\.VirtualBox\VirtualBox.xml"
00:00:01.566946          ERROR [COM]: aRC=VBOX_E_INVALID_VM_STATE (0x80bb0002) aIID={300763af-5d6b-46e6-aa96-273eac15538a} aComponent={MachineWrap} aText={The machine is not mutable (state is PoweredOff)}, preserve=false aResultDetail=0
00:00:06.744533          Launched VM: 3705632416 pid: 13008 (0x32d0) frontend: GUI/Qt name: kali-linux-2024.2-virtualbox-amd64
00:00:06.761868          ERROR [COM]: aRC=VBOX_E_INVALID_VM_STATE (0x80bb0002) aIID={300763af-5d6b-46e6-aa96-273eac15538a} aComponent={MachineWrap} aText={The machine is not mutable (state is PoweredOff)}, preserve=false aResultDetail=0
00:00:13.372747          ERROR [COM]: aRC=VBOX_E_INVALID_VM_STATE (0x80bb0002) aIID={300763af-5d6b-46e6-aa96-273eac15538a} aComponent={MachineWrap} aText={The machine is not mutable (state is PoweredOff)}, preserve=false aResultDetail=0
00:00:14.180329          ERROR [COM]: aRC=VBOX_E_OBJECT_NOT_FOUND (0x80bb0001) aIID={70401eef-c8e9-466b-9660-45cb3e9979e4} aComponent={ExtPackManagerWrap} aText={No extension pack by the name 'Oracle VM VirtualBox Extension Pack' was found}, preserve=false aResultDetail=0
00:00:16.361201          ERROR [COM]: aRC=VBOX_E_IPRT_ERROR (0x80bb0005) aIID={300763af-5d6b-46e6-aa96-273eac15538a} aComponent={SessionMachine} aText={Saved screenshot data is not available (VERR_NOT_SUPPORTED)}, preserve=false aResultDetail=-37
00:00:16.677547          ERROR [COM]: aRC=VBOX_E_INVALID_VM_STATE (0x80bb0002) aIID={300763af-5d6b-46e6-aa96-273eac15538a} aComponent={MachineWrap} aText={The machine is not mutable (state is Starting)}, preserve=false aResultDetail=0
00:00:16.686800          ERROR [COM]: aRC=VBOX_E_INVALID_VM_STATE (0x80bb0002) aIID={300763af-5d6b-46e6-aa96-273eac15538a} aComponent={SessionMachine} aText={The machine is not mutable or saved (state is Starting)}, preserve=false aResultDetail=0
00:00:17.956909          ERROR [COM]: aRC=VBOX_E_OBJECT_NOT_FOUND (0x80bb0001) aIID={ad47ad09-787b-44ab-b343-a082a3f2dfb1} aComponent={MediumWrap} aText={Property 'CRYPT/KeyId' does not exist}, preserve=false aResultDetail=0
00:00:17.957616          Added USB filter (ID=1, type=4) for device 148F:7601 rev 0000, c/s/p FFFFFFFF/FFFFFFFF/FFFFFFFF, Manufacturer=`<null>' Product=`802.11 n WLAN' Serial=`1.0'
00:00:17.957628          Added USB filter (ID=2, type=4) for device ABCD:1234 rev 0100, c/s/p FFFFFFFF/FFFFFFFF/FFFFFFFF, Manufacturer=`General ' Product=`UDisk           ' Serial=`<null>'
00:00:17.982312          ERROR [COM]: aRC=VBOX_E_INVALID_VM_STATE (0x80bb0002) aIID={300763af-5d6b-46e6-aa96-273eac15538a} aComponent={MachineWrap} aText={The machine is not mutable (state is Running)}, preserve=false aResultDetail=0
00:01:08.026657 USBPROXY usbLibGetDevices: Starting USB device enumeration
00:01:08.041329 USBPROXY Getting USB descriptor (id 0) failed (dwErr=31) on hub USB#ROOT_HUB30#4&2e2fd849&0&0#{f18a0e88-c30c-11d0-8815-00a0c906bed8} port 6
00:01:08.041546 USBPROXY Getting USB descriptor (id 0) failed (dwErr=31) on hub USB#ROOT_HUB30#4&2e2fd849&0&0#{f18a0e88-c30c-11d0-8815-00a0c906bed8} port 7
00:01:08.041689 USBPROXY Getting USB descriptor (id 0) failed (dwErr=31) on hub USB#ROOT_HUB30#4&2e2fd849&0&0#{f18a0e88-c30c-11d0-8815-00a0c906bed8} port 10
00:01:08.042260 USBPROXY usbLibGetDevices: Found 3 USB devices, 0 captured
00:01:18.810402          ERROR [COM]: aRC=VBOX_E_INVALID_VM_STATE (0x80bb0002) aIID={300763af-5d6b-46e6-aa96-273eac15538a} aComponent={MachineWrap} aText={The machine is not mutable (state is Paused)}, preserve=false aResultDetail=0
00:01:22.328978          ERROR [COM]: aRC=VBOX_E_INVALID_VM_STATE (0x80bb0002) aIID={300763af-5d6b-46e6-aa96-273eac15538a} aComponent={MachineWrap} aText={The machine is not mutable (state is Stopping)}, preserve=false aResultDetail=0
00:01:22.349184          Removed USB filter ID=1
00:01:22.349205          Removed USB filter ID=2
00:01:22.405672          Saving settings file "C:\Users\Andrei\Downloads\kali-linux-2024.2-virtualbox-amd64\kali-linux-2024.2-virtualbox-amd64\kali-linux-2024.2-virtualbox-amd64.vbox" with version "1.19-windows"
00:01:22.409378          Finished saving settings file "C:\Users\Andrei\Downloads\kali-linux-2024.2-virtualbox-amd64\kali-linux-2024.2-virtualbox-amd64\kali-linux-2024.2-virtualbox-amd64.vbox"
00:01:22.433196          ERROR [COM]: aRC=VBOX_E_INVALID_VM_STATE (0x80bb0002) aIID={300763af-5d6b-46e6-aa96-273eac15538a} aComponent={MachineWrap} aText={The machine is not mutable (state is PoweredOff)}, preserve=false aResultDetail=0
00:01:23.981862          ERROR [COM]: aRC=VBOX_E_INVALID_VM_STATE (0x80bb0002) aIID={300763af-5d6b-46e6-aa96-273eac15538a} aComponent={MachineWrap} aText={The machine is not mutable (state is PoweredOff)}, preserve=false aResultDetail=0
00:01:39.430280          ERROR [COM]: aRC=VBOX_E_OBJECT_NOT_FOUND (0x80bb0001) aIID={5bfd8965-b81b-469f-8649-f717ce97a5d5} aComponent={NvramStoreWrap} aText={The UEFI NVRAM file is not existing for this machine.}, preserve=false aResultDetail=0
00:01:39.647250          ERROR [COM]: aRC=VBOX_E_INVALID_VM_STATE (0x80bb0002) aIID={300763af-5d6b-46e6-aa96-273eac15538a} aComponent={MachineWrap} aText={The machine is not mutable (state is PoweredOff)}, preserve=false aResultDetail=0
00:01:51.420222          Loading settings file "C:\Users\Andrei\Downloads\kali-linux-2024.2-virtualbox-amd64\kali-linux-2024.2-virtualbox-amd64\kali-linux-2024.2-virtualbox-amd64.vbox" with version "1.19-windows"
00:01:51.420609          ERROR [COM]: aRC=E_FAIL (0x80004005) aIID={300763af-5d6b-46e6-aa96-273eac15538a} aComponent={MachineWrap} aText={Trying to open a VM config 'C:/Users/Andrei/Downloads/kali-linux-2024.2-virtualbox-amd64/kali-linux-2024.2-virtualbox-amd64/kali-linux-2024.2-virtualbox-amd64.vbox' which has the same UUID as an existing virtual machine}, preserve=false aResultDetail=0
00:02:00.585083          Loading settings file "C:\Users\Andrei\Downloads\kali-linux-2024.2-virtualbox-amd64\kali-linux-2024.2-virtualbox-amd64\kali-linux-2024.2-virtualbox-amd64-1.16.vbox" with version "1.16"
00:02:00.585258          ERROR [COM]: aRC=E_FAIL (0x80004005) aIID={300763af-5d6b-46e6-aa96-273eac15538a} aComponent={MachineWrap} aText={Trying to open a VM config 'C:/Users/Andrei/Downloads/kali-linux-2024.2-virtualbox-amd64/kali-linux-2024.2-virtualbox-amd64/kali-linux-2024.2-virtualbox-amd64-1.16.vbox' which has the same UUID as an existing virtual machine}, preserve=false aResultDetail=0
00:02:07.408102          ERROR [COM]: aRC=VBOX_E_OBJECT_NOT_FOUND (0x80bb0001) aIID={5bfd8965-b81b-469f-8649-f717ce97a5d5} aComponent={NvramStoreWrap} aText={The UEFI NVRAM file is not existing for this machine.}, preserve=false aResultDetail=0
00:02:07.599926          ERROR [COM]: aRC=VBOX_E_INVALID_VM_STATE (0x80bb0002) aIID={300763af-5d6b-46e6-aa96-273eac15538a} aComponent={MachineWrap} aText={The machine is not mutable (state is PoweredOff)}, preserve=false aResultDetail=0
00:02:24.134917          Saving settings file "C:\Users\Andrei\Downloads\kali-linux-2024.2-virtualbox-amd64\kali-linux-2024.2-virtualbox-amd64\kali-linux-2024.2-virtualbox-amd64.vbox" with version "1.19-windows"
00:02:24.139792          Finished saving settings file "C:\Users\Andrei\Downloads\kali-linux-2024.2-virtualbox-amd64\kali-linux-2024.2-virtualbox-amd64\kali-linux-2024.2-virtualbox-amd64.vbox"
00:02:24.184900          ERROR [COM]: aRC=VBOX_E_INVALID_VM_STATE (0x80bb0002) aIID={300763af-5d6b-46e6-aa96-273eac15538a} aComponent={MachineWrap} aText={The machine is not mutable (state is PoweredOff)}, preserve=false aResultDetail=0
00:02:26.220826          Launched VM: 3706203408 pid: 1756 (0x6dc) frontend: GUI/Qt name: kali-linux-2024.2-virtualbox-amd64
00:02:26.238735          ERROR [COM]: aRC=VBOX_E_INVALID_VM_STATE (0x80bb0002) aIID={300763af-5d6b-46e6-aa96-273eac15538a} aComponent={MachineWrap} aText={The machine is not mutable (state is PoweredOff)}, preserve=false aResultDetail=0
00:02:37.188662          ERROR [COM]: aRC=VBOX_E_INVALID_VM_STATE (0x80bb0002) aIID={300763af-5d6b-46e6-aa96-273eac15538a} aComponent={MachineWrap} aText={The machine is not mutable (state is PoweredOff)}, preserve=false aResultDetail=0
00:02:38.714291          ERROR [COM]: aRC=VBOX_E_OBJECT_NOT_FOUND (0x80bb0001) aIID={70401eef-c8e9-466b-9660-45cb3e9979e4} aComponent={ExtPackManagerWrap} aText={No extension pack by the name 'Oracle VM VirtualBox Extension Pack' was found}, preserve=false aResultDetail=0
00:02:49.135942          ERROR [COM]: aRC=VBOX_E_IPRT_ERROR (0x80bb0005) aIID={300763af-5d6b-46e6-aa96-273eac15538a} aComponent={SessionMachine} aText={Saved screenshot data is not available (VERR_NOT_SUPPORTED)}, preserve=false aResultDetail=-37
00:02:49.951228          ERROR [COM]: aRC=VBOX_E_INVALID_VM_STATE (0x80bb0002) aIID={300763af-5d6b-46e6-aa96-273eac15538a} aComponent={MachineWrap} aText={The machine is not mutable (state is Starting)}, preserve=false aResultDetail=0
00:02:49.953771          ERROR [COM]: aRC=VBOX_E_INVALID_VM_STATE (0x80bb0002) aIID={300763af-5d6b-46e6-aa96-273eac15538a} aComponent={SessionMachine} aText={The machine is not mutable or saved (state is Starting)}, preserve=false aResultDetail=0
00:02:54.818262          ERROR [COM]: aRC=VBOX_E_OBJECT_NOT_FOUND (0x80bb0001) aIID={ad47ad09-787b-44ab-b343-a082a3f2dfb1} aComponent={MediumWrap} aText={Property 'CRYPT/KeyId' does not exist}, preserve=false aResultDetail=0
00:02:54.820938          Added USB filter (ID=3, type=4) for device 148F:7601 rev 0000, c/s/p FFFFFFFF/FFFFFFFF/FFFFFFFF, Manufacturer=`<null>' Product=`802.11 n WLAN' Serial=`1.0'
00:02:54.820989          Added USB filter (ID=4, type=4) for device ABCD:1234 rev 0100, c/s/p FFFFFFFF/FFFFFFFF/FFFFFFFF, Manufacturer=`General ' Product=`UDisk           ' Serial=`<null>'
00:02:54.863170          ERROR [COM]: aRC=VBOX_E_INVALID_VM_STATE (0x80bb0002) aIID={300763af-5d6b-46e6-aa96-273eac15538a} aComponent={MachineWrap} aText={The machine is not mutable (state is Running)}, preserve=false aResultDetail=0
00:07:22.893195 USBPROXY usbLibGetDevices: Starting USB device enumeration
00:07:22.911474 USBPROXY Getting USB descriptor (id 0) failed (dwErr=31) on hub USB#ROOT_HUB30#4&2e2fd849&0&0#{f18a0e88-c30c-11d0-8815-00a0c906bed8} port 6
00:07:22.911598 USBPROXY Getting USB descriptor (id 0) failed (dwErr=31) on hub USB#ROOT_HUB30#4&2e2fd849&0&0#{f18a0e88-c30c-11d0-8815-00a0c906bed8} port 7
00:07:22.911663 USBPROXY Getting USB descriptor (id 0) failed (dwErr=31) on hub USB#ROOT_HUB30#4&2e2fd849&0&0#{f18a0e88-c30c-11d0-8815-00a0c906bed8} port 10
00:07:22.926664 USBPROXY usbLibGetDevices: Found 3 USB devices, 0 captured
00:11:48.510380          ERROR [COM]: aRC=VBOX_E_INVALID_VM_STATE (0x80bb0002) aIID={300763af-5d6b-46e6-aa96-273eac15538a} aComponent={MachineWrap} aText={The machine is not mutable (state is Paused)}, preserve=false aResultDetail=0
00:11:50.653509          Removed USB filter ID=3
00:11:50.653771          Removed USB filter ID=4
00:11:50.662021          ERROR [COM]: aRC=VBOX_E_INVALID_VM_STATE (0x80bb0002) aIID={300763af-5d6b-46e6-aa96-273eac15538a} aComponent={MachineWrap} aText={The machine is not mutable (state is Stopping)}, preserve=false aResultDetail=0
00:11:50.802740          Saving settings file "C:\Users\Andrei\Downloads\kali-linux-2024.2-virtualbox-amd64\kali-linux-2024.2-virtualbox-amd64\kali-linux-2024.2-virtualbox-amd64.vbox" with version "1.19-windows"
00:11:50.816459          Finished saving settings file "C:\Users\Andrei\Downloads\kali-linux-2024.2-virtualbox-amd64\kali-linux-2024.2-virtualbox-amd64\kali-linux-2024.2-virtualbox-amd64.vbox"
00:11:50.857476          ERROR [COM]: aRC=VBOX_E_INVALID_VM_STATE (0x80bb0002) aIID={300763af-5d6b-46e6-aa96-273eac15538a} aComponent={MachineWrap} aText={The machine is not mutable (state is PoweredOff)}, preserve=false aResultDetail=0
00:11:51.842080          ERROR [COM]: aRC=VBOX_E_INVALID_VM_STATE (0x80bb0002) aIID={300763af-5d6b-46e6-aa96-273eac15538a} aComponent={MachineWrap} aText={The machine is not mutable (state is PoweredOff)}, preserve=false aResultDetail=0
00:12:00.465855 main     VirtualBox: object deletion starts
00:12:00.467283 main     ERROR [COM]: aRC=VBOX_E_OBJECT_IN_USE (0x80bb000c) aIID={ad47ad09-787b-44ab-b343-a082a3f2dfb1} aComponent={MediumWrap} aText={Medium 'C:\Users\Andrei\Downloads\kali-linux-2024.2-virtualbox-amd64\kali-linux-2024.2-virtualbox-amd64\kali-linux-2024.2-virtualbox-amd64.vdi' cannot be closed because it is still attached to 1 virtual machines}, preserve=false aResultDetail=0
00:12:00.474055 main     HostDnsMonitor: shutting down ...
00:12:00.474197 main     HostDnsMonitor: shut down
00:12:00.480060 Watcher  ERROR [COM]: aRC=E_ACCESSDENIED (0x80070005) aIID={7682d5eb-f00e-44f1-8ca2-99d08b1cd607} aComponent={VirtualBoxWrap} aText={The object is not ready}, preserve=false aResultDetail=0
00:12:00.480761 main     VirtualBox: object deleted
